<?xml version="1.0" encoding="UTF-8"?>
<!-- Generated by org.testng.reporters.JUnitReportReporter -->
<testsuite skipped="0" hostname="DESKTOP-FNF69NB" name="com.w2a.testcases.SignInTest" tests="1" failures="0" timestamp="21 Dec 2017 07:27:27 GMT" time="10.652" errors="0">
  <testcase name="signInTest" time="10.652" classname="com.w2a.testcases.SignInTest"/>
</testsuite> <!-- com.w2a.testcases.SignInTest -->
